Determining if the pthread_create exist failed with the following output:
Change Dir: /home/nvidia/Phoenix-Linux-SocketCAN-Example/bin/CMakeFiles/CMakeTmp

Run Build Command:"/usr/bin/make" "cmTC_183fb/fast"
/usr/bin/make -f CMakeFiles/cmTC_183fb.dir/build.make CMakeFiles/cmTC_183fb.dir/build
make[1]: Entering directory '/home/nvidia/Phoenix-Linux-SocketCAN-Example/bin/CMakeFiles/CMakeTmp'
Building C object CMakeFiles/cmTC_183fb.dir/CheckSymbolExists.c.o
/usr/bin/cc     -o CMakeFiles/cmTC_183fb.dir/CheckSymbolExists.c.o   -c /home/nvidia/Phoenix-Linux-SocketCAN-Example/bin/CMakeFiles/CMakeTmp/CheckSymbolExists.c
Linking C executable cmTC_183fb
/usr/bin/cmake -E cmake_link_script CMakeFiles/cmTC_183fb.dir/link.txt --verbose=1
/usr/bin/cc       CMakeFiles/cmTC_183fb.dir/CheckSymbolExists.c.o  -o cmTC_183fb -rdynamic 
CMakeFiles/cmTC_183fb.dir/CheckSymbolExists.c.o: In function `main':
CheckSymbolExists.c:(.text+0x14): undefined reference to `pthread_create'
CheckSymbolExists.c:(.text+0x18): undefined reference to `pthread_create'
collect2: error: ld returned 1 exit status
CMakeFiles/cmTC_183fb.dir/build.make:97: recipe for target 'cmTC_183fb' failed
make[1]: *** [cmTC_183fb] Error 1
make[1]: Leaving directory '/home/nvidia/Phoenix-Linux-SocketCAN-Example/bin/CMakeFiles/CMakeTmp'
Makefile:126: recipe for target 'cmTC_183fb/fast' failed
make: *** [cmTC_183fb/fast] Error 2

File /home/nvidia/Phoenix-Linux-SocketCAN-Example/bin/CMakeFiles/CMakeTmp/CheckSymbolExists.c:
/* */
#include <pthread.h>

int main(int argc, char** argv)
{
  (void)argv;
#ifndef pthread_create
  return ((int*)(&pthread_create))[argc];
#else
  (void)argc;
  return 0;
#endif
}

